<?xml version="1.0" encoding="UTF-8"?>
<testsuite name="CommandPatternTest" tests="5" skipped="0" failures="0" errors="0" timestamp="2023-10-27T18:29:04" hostname="DESKTOP-HLSL7JL" time="0.023">
  <properties/>
  <testcase name="stringReplacer()" classname="CommandPatternTest" time="0.017"/>
  <testcase name="StringInverter()" classname="CommandPatternTest" time="0.0"/>
  <testcase name="stringRecipe()" classname="CommandPatternTest" time="0.001"/>
  <testcase name="StringDrink()" classname="CommandPatternTest" time="0.001"/>
  <testcase name="StringCaseChanger()" classname="CommandPatternTest" time="0.0"/>
  <system-out><![CDATA[]]></system-out>
  <system-err><![CDATA[]]></system-err>
</testsuite>
